20:37:18 INFO  : Registering command handlers for SDK TCF services
20:37:22 INFO  : Launching XSCT server: xsct.bat -interactive C:\Zynq_Book\lab_06_01\lab_06_01.sdk\temp_xsdb_launch_script.tcl
20:37:27 INFO  : XSCT server has started successfully.
20:37:28 INFO  : Successfully done setting XSCT server connection channel  
20:37:28 INFO  : Successfully done setting SDK workspace  
20:37:28 INFO  : Processing command line option -hwspec C:/Zynq_Book/lab_06_01/lab_06_01.sdk/zybo_with_pmodda2_wrapper.hdf.
03:06:18 INFO  : Connected to target on host '127.0.0.1' and port '3121'.
03:07:49 INFO  : Connected to target on host '127.0.0.1' and port '3121'.
03:07:50 INFO  : 'targets -set -filter {jtag_cable_name =~ "Digilent Zybo 210279759083A" && level==0} -index 1' command is executed.
03:07:51 INFO  : FPGA configured successfully with bitstream "C:/Zynq_Book/lab_06_01/lab_06_01.sdk/zybo_with_pmodda2_wrapper_hw_platform_0/zybo_with_pmodda2_wrapper.bit"
03:08:13 INFO  : 'targets -set -filter {jtag_cable_name =~ "Digilent Zybo 210279759083A" && level==0} -index 1' command is executed.
03:08:13 INFO  : 'fpga -state' command is executed.
03:08:13 INFO  : Connected to target on host '127.0.0.1' and port '3121'.
03:08:14 INFO  : Jtag cable 'Digilent Zybo 210279759083A' is selected.
03:08:14 INFO  : 'jtag frequency' command is executed.
03:08:14 INFO  : Sourcing of 'C:/Zynq_Book/lab_06_01/lab_06_01.sdk/zybo_with_pmodda2_wrapper_hw_platform_0/ps7_init.tcl' is done.
03:08:14 INFO  : Context for 'APU' is selected.
03:08:14 INFO  : Hardware design information is loaded from 'C:/Zynq_Book/lab_06_01/lab_06_01.sdk/zybo_with_pmodda2_wrapper_hw_platform_0/system.hdf'.
03:08:14 INFO  : 'configparams force-mem-access 1' command is executed.
03:08:14 INFO  : Context for 'APU' is selected.
03:08:14 INFO  : 'stop' command is executed.
03:08:15 INFO  : 'ps7_init' command is executed.
03:08:15 INFO  : 'ps7_post_config' command is executed.
03:08:15 INFO  : Context for processor 'ps7_cortexa9_0' is selected.
03:08:15 INFO  : Processor reset is completed for 'ps7_cortexa9_0'.
03:08:15 INFO  : Context for processor 'ps7_cortexa9_0' is selected.
03:08:15 INFO  : The application 'C:/Zynq_Book/lab_06_01/lab_06_01.sdk/pmod_da2_test/Debug/pmod_da2_test.elf' is downloaded to processor 'ps7_cortexa9_0'.
03:08:15 INFO  : 'configparams force-mem-access 0' command is executed.
03:08:15 INFO  : ----------------XSDB Script----------------
connect -url tcp:127.0.0.1:3121
source C:/Zynq_Book/lab_06_01/lab_06_01.sdk/zybo_with_pmodda2_wrapper_hw_platform_0/ps7_init.tcl
targets -set -nocase -filter {name =~"APU*" && jtag_cable_name =~ "Digilent Zybo 210279759083A"} -index 0
loadhw -hw C:/Zynq_Book/lab_06_01/lab_06_01.sdk/zybo_with_pmodda2_wrapper_hw_platform_0/system.hdf -mem-ranges [list {0x40000000 0xbfffffff}]
configparams force-mem-access 1
targets -set -nocase -filter {name =~"APU*" && jtag_cable_name =~ "Digilent Zybo 210279759083A"} -index 0
stop
ps7_init
ps7_post_config
targets -set -nocase -filter {name =~ "ARM*#0" && jtag_cable_name =~ "Digilent Zybo 210279759083A"} -index 0
rst -processor
targets -set -nocase -filter {name =~ "ARM*#0" && jtag_cable_name =~ "Digilent Zybo 210279759083A"} -index 0
dow C:/Zynq_Book/lab_06_01/lab_06_01.sdk/pmod_da2_test/Debug/pmod_da2_test.elf
configparams force-mem-access 0
----------------End of Script----------------

03:08:15 INFO  : Memory regions updated for context APU
03:08:15 INFO  : Context for processor 'ps7_cortexa9_0' is selected.
03:08:15 INFO  : 'con' command is executed.
03:08:15 INFO  : ----------------XSDB Script (After Launch)----------------
targets -set -nocase -filter {name =~ "ARM*#0" && jtag_cable_name =~ "Digilent Zybo 210279759083A"} -index 0
con
----------------End of Script----------------

03:08:15 INFO  : Launch script is exported to file 'C:\Zynq_Book\lab_06_01\lab_06_01.sdk\.sdk\launch_scripts\xilinx_c-c++_application_(system_debugger)\system_debugger_using_debug_pmod_da2_test.elf_on_local.tcl'
03:09:17 INFO  : Connected to target on host '127.0.0.1' and port '3121'.
03:09:18 INFO  : 'targets -set -filter {jtag_cable_name =~ "Digilent Zybo 210279759083A" && level==0} -index 1' command is executed.
03:09:19 INFO  : FPGA configured successfully with bitstream "C:/Zynq_Book/lab_06_01/lab_06_01.sdk/zybo_with_pmodda2_wrapper_hw_platform_0/zybo_with_pmodda2_wrapper.bit"
03:09:24 INFO  : Disconnected from the channel tcfchan#1.
03:09:25 INFO  : 'targets -set -filter {jtag_cable_name =~ "Digilent Zybo 210279759083A" && level==0} -index 1' command is executed.
03:09:25 INFO  : 'fpga -state' command is executed.
03:09:25 INFO  : Connected to target on host '127.0.0.1' and port '3121'.
03:09:25 INFO  : Jtag cable 'Digilent Zybo 210279759083A' is selected.
03:09:25 INFO  : 'jtag frequency' command is executed.
03:09:25 INFO  : Sourcing of 'C:/Zynq_Book/lab_06_01/lab_06_01.sdk/zybo_with_pmodda2_wrapper_hw_platform_0/ps7_init.tcl' is done.
03:09:25 INFO  : Context for 'APU' is selected.
03:09:28 INFO  : Hardware design information is loaded from 'C:/Zynq_Book/lab_06_01/lab_06_01.sdk/zybo_with_pmodda2_wrapper_hw_platform_0/system.hdf'.
03:09:28 INFO  : 'configparams force-mem-access 1' command is executed.
03:09:28 INFO  : Context for 'APU' is selected.
03:09:28 INFO  : 'stop' command is executed.
03:09:29 INFO  : 'ps7_init' command is executed.
03:09:29 INFO  : 'ps7_post_config' command is executed.
03:09:29 INFO  : Context for processor 'ps7_cortexa9_0' is selected.
03:09:29 INFO  : Processor reset is completed for 'ps7_cortexa9_0'.
03:09:29 INFO  : Context for processor 'ps7_cortexa9_0' is selected.
03:09:29 INFO  : The application 'C:/Zynq_Book/lab_06_01/lab_06_01.sdk/pmod_da2_test/Debug/pmod_da2_test.elf' is downloaded to processor 'ps7_cortexa9_0'.
03:09:29 INFO  : 'configparams force-mem-access 0' command is executed.
03:09:29 INFO  : ----------------XSDB Script----------------
connect -url tcp:127.0.0.1:3121
source C:/Zynq_Book/lab_06_01/lab_06_01.sdk/zybo_with_pmodda2_wrapper_hw_platform_0/ps7_init.tcl
targets -set -nocase -filter {name =~"APU*" && jtag_cable_name =~ "Digilent Zybo 210279759083A"} -index 0
loadhw -hw C:/Zynq_Book/lab_06_01/lab_06_01.sdk/zybo_with_pmodda2_wrapper_hw_platform_0/system.hdf -mem-ranges [list {0x40000000 0xbfffffff}]
configparams force-mem-access 1
targets -set -nocase -filter {name =~"APU*" && jtag_cable_name =~ "Digilent Zybo 210279759083A"} -index 0
stop
ps7_init
ps7_post_config
targets -set -nocase -filter {name =~ "ARM*#0" && jtag_cable_name =~ "Digilent Zybo 210279759083A"} -index 0
rst -processor
targets -set -nocase -filter {name =~ "ARM*#0" && jtag_cable_name =~ "Digilent Zybo 210279759083A"} -index 0
dow C:/Zynq_Book/lab_06_01/lab_06_01.sdk/pmod_da2_test/Debug/pmod_da2_test.elf
configparams force-mem-access 0
----------------End of Script----------------

03:09:29 INFO  : Memory regions updated for context APU
03:09:29 INFO  : Context for processor 'ps7_cortexa9_0' is selected.
03:09:29 INFO  : 'con' command is executed.
03:09:29 INFO  : ----------------XSDB Script (After Launch)----------------
targets -set -nocase -filter {name =~ "ARM*#0" && jtag_cable_name =~ "Digilent Zybo 210279759083A"} -index 0
con
----------------End of Script----------------

03:09:29 INFO  : Launch script is exported to file 'C:\Zynq_Book\lab_06_01\lab_06_01.sdk\.sdk\launch_scripts\xilinx_c-c++_application_(system_debugger)\system_debugger_using_debug_pmod_da2_test.elf_on_local.tcl'
03:22:22 INFO  : Connected to target on host '127.0.0.1' and port '3121'.
03:22:25 INFO  : 'targets -set -filter {jtag_cable_name =~ "Digilent Zybo 210279759083A" && level==0} -index 1' command is executed.
03:22:27 INFO  : FPGA configured successfully with bitstream "C:/Zynq_Book/lab_06_01/lab_06_01.sdk/zybo_with_pmodda2_wrapper_hw_platform_0/zybo_with_pmodda2_wrapper.bit"
03:22:54 INFO  : Disconnected from the channel tcfchan#2.
03:22:59 INFO  : 'targets -set -filter {jtag_cable_name =~ "Digilent Zybo 210279759083A" && level==0} -index 1' command is executed.
03:22:59 INFO  : 'fpga -state' command is executed.
03:22:59 INFO  : Connected to target on host '127.0.0.1' and port '3121'.
03:23:17 INFO  : Jtag cable 'Digilent Zybo 210279759083A' is selected.
03:23:17 INFO  : 'jtag frequency' command is executed.
03:23:17 INFO  : Sourcing of 'C:/Zynq_Book/lab_06_01/lab_06_01.sdk/zybo_with_pmodda2_wrapper_hw_platform_0/ps7_init.tcl' is done.
03:23:18 INFO  : Context for 'APU' is selected.
03:23:21 INFO  : Hardware design information is loaded from 'C:/Zynq_Book/lab_06_01/lab_06_01.sdk/zybo_with_pmodda2_wrapper_hw_platform_0/system.hdf'.
03:23:21 INFO  : 'configparams force-mem-access 1' command is executed.
03:23:21 INFO  : Context for 'APU' is selected.
03:23:21 INFO  : 'stop' command is executed.
03:23:23 INFO  : 'ps7_init' command is executed.
03:23:23 INFO  : 'ps7_post_config' command is executed.
03:23:23 INFO  : Context for processor 'ps7_cortexa9_0' is selected.
03:23:23 INFO  : Processor reset is completed for 'ps7_cortexa9_0'.
03:23:23 INFO  : Context for processor 'ps7_cortexa9_0' is selected.
03:23:23 INFO  : The application 'C:/Zynq_Book/lab_06_01/lab_06_01.sdk/pmod_da2_test/Debug/pmod_da2_test.elf' is downloaded to processor 'ps7_cortexa9_0'.
03:23:23 INFO  : 'configparams force-mem-access 0' command is executed.
03:23:23 INFO  : ----------------XSDB Script----------------
connect -url tcp:127.0.0.1:3121
source C:/Zynq_Book/lab_06_01/lab_06_01.sdk/zybo_with_pmodda2_wrapper_hw_platform_0/ps7_init.tcl
targets -set -nocase -filter {name =~"APU*" && jtag_cable_name =~ "Digilent Zybo 210279759083A"} -index 0
loadhw -hw C:/Zynq_Book/lab_06_01/lab_06_01.sdk/zybo_with_pmodda2_wrapper_hw_platform_0/system.hdf -mem-ranges [list {0x40000000 0xbfffffff}]
configparams force-mem-access 1
targets -set -nocase -filter {name =~"APU*" && jtag_cable_name =~ "Digilent Zybo 210279759083A"} -index 0
stop
ps7_init
ps7_post_config
targets -set -nocase -filter {name =~ "ARM*#0" && jtag_cable_name =~ "Digilent Zybo 210279759083A"} -index 0
rst -processor
targets -set -nocase -filter {name =~ "ARM*#0" && jtag_cable_name =~ "Digilent Zybo 210279759083A"} -index 0
dow C:/Zynq_Book/lab_06_01/lab_06_01.sdk/pmod_da2_test/Debug/pmod_da2_test.elf
configparams force-mem-access 0
----------------End of Script----------------

03:23:24 INFO  : Memory regions updated for context APU
03:23:24 INFO  : Context for processor 'ps7_cortexa9_0' is selected.
03:23:24 INFO  : 'con' command is executed.
03:23:24 INFO  : ----------------XSDB Script (After Launch)----------------
targets -set -nocase -filter {name =~ "ARM*#0" && jtag_cable_name =~ "Digilent Zybo 210279759083A"} -index 0
con
----------------End of Script----------------

03:23:24 INFO  : Launch script is exported to file 'C:\Zynq_Book\lab_06_01\lab_06_01.sdk\.sdk\launch_scripts\xilinx_c-c++_application_(system_debugger)\system_debugger_using_debug_pmod_da2_test.elf_on_local.tcl'
